mode: set
github.com/nulllvoid/datapipe/examples/multi_source/main.go:20.32,20.47 1 0
github.com/nulllvoid/datapipe/examples/multi_source/main.go:30.51,30.69 1 0
github.com/nulllvoid/datapipe/examples/multi_source/main.go:31.51,31.70 1 0
github.com/nulllvoid/datapipe/examples/multi_source/main.go:32.51,32.79 2 0
github.com/nulllvoid/datapipe/examples/multi_source/main.go:33.51,33.69 1 0
github.com/nulllvoid/datapipe/examples/multi_source/main.go:34.51,34.75 1 0
github.com/nulllvoid/datapipe/examples/multi_source/main.go:42.50,47.2 1 0
github.com/nulllvoid/datapipe/examples/multi_source/main.go:49.59,51.2 1 0
github.com/nulllvoid/datapipe/examples/multi_source/main.go:53.95,57.49 3 0
github.com/nulllvoid/datapipe/examples/multi_source/main.go:57.49,60.3 2 0
github.com/nulllvoid/datapipe/examples/multi_source/main.go:62.2,68.30 3 0
github.com/nulllvoid/datapipe/examples/multi_source/main.go:75.48,79.2 1 0
github.com/nulllvoid/datapipe/examples/multi_source/main.go:81.58,83.2 1 0
github.com/nulllvoid/datapipe/examples/multi_source/main.go:85.94,95.2 3 0
github.com/nulllvoid/datapipe/examples/multi_source/main.go:101.44,105.2 1 0
github.com/nulllvoid/datapipe/examples/multi_source/main.go:107.56,109.2 1 0
github.com/nulllvoid/datapipe/examples/multi_source/main.go:111.92,119.2 3 0
github.com/nulllvoid/datapipe/examples/multi_source/main.go:121.13,139.35 7 0
github.com/nulllvoid/datapipe/examples/multi_source/main.go:139.35,140.29 1 0
github.com/nulllvoid/datapipe/examples/multi_source/main.go:140.29,142.6 1 0
github.com/nulllvoid/datapipe/examples/multi_source/main.go:143.5,143.15 1 0
github.com/nulllvoid/datapipe/examples/multi_source/main.go:153.2,159.16 3 0
github.com/nulllvoid/datapipe/examples/multi_source/main.go:159.16,161.3 1 0
github.com/nulllvoid/datapipe/examples/multi_source/main.go:162.2,170.16 4 0
github.com/nulllvoid/datapipe/examples/multi_source/main.go:170.16,172.3 1 0
github.com/nulllvoid/datapipe/examples/multi_source/main.go:173.2,184.16 6 0
github.com/nulllvoid/datapipe/examples/multi_source/main.go:184.16,186.3 1 0
github.com/nulllvoid/datapipe/examples/multi_source/main.go:187.2,208.16 6 0
github.com/nulllvoid/datapipe/examples/multi_source/main.go:208.16,210.3 1 0
github.com/nulllvoid/datapipe/examples/multi_source/main.go:211.2,211.21 1 0
github.com/nulllvoid/datapipe/examples/multi_source/main.go:214.63,219.36 5 0
github.com/nulllvoid/datapipe/examples/multi_source/main.go:219.36,221.3 1 0
github.com/nulllvoid/datapipe/config.go:12.29,19.2 1 1
github.com/nulllvoid/datapipe/errors.go:24.40,25.19 1 0
github.com/nulllvoid/datapipe/errors.go:25.19,27.3 1 0
github.com/nulllvoid/datapipe/errors.go:28.2,28.68 1 0
github.com/nulllvoid/datapipe/errors.go:31.40,33.2 1 0
github.com/nulllvoid/datapipe/errors.go:35.77,37.2 1 0
github.com/nulllvoid/datapipe/errors.go:44.42,46.2 1 0
github.com/nulllvoid/datapipe/errors.go:48.65,50.2 1 0
github.com/nulllvoid/datapipe/errors.go:58.37,59.18 1 0
github.com/nulllvoid/datapipe/errors.go:59.18,61.3 1 0
github.com/nulllvoid/datapipe/errors.go:62.2,62.68 1 0
github.com/nulllvoid/datapipe/errors.go:65.37,67.2 1 0
github.com/nulllvoid/datapipe/errors.go:69.67,71.2 1 0
github.com/nulllvoid/datapipe/errors.go:79.42,80.18 1 0
github.com/nulllvoid/datapipe/errors.go:80.18,82.3 1 0
github.com/nulllvoid/datapipe/errors.go:83.2,83.75 1 0
github.com/nulllvoid/datapipe/errors.go:86.42,88.2 1 0
github.com/nulllvoid/datapipe/errors.go:90.79,92.2 1 0
github.com/nulllvoid/datapipe/fetch_stage.go:9.92,11.2 1 1
github.com/nulllvoid/datapipe/fetch_stage.go:13.46,13.64 1 1
github.com/nulllvoid/datapipe/fetch_stage.go:14.46,14.61 1 1
github.com/nulllvoid/datapipe/fetch_stage.go:16.87,18.16 2 1
github.com/nulllvoid/datapipe/fetch_stage.go:18.16,20.3 1 1
github.com/nulllvoid/datapipe/fetch_stage.go:22.2,23.12 2 1
github.com/nulllvoid/datapipe/fetcher.go:17.91,19.2 1 1
github.com/nulllvoid/datapipe/fetcher.go:21.49,21.66 1 1
github.com/nulllvoid/datapipe/fetcher.go:22.49,22.70 1 1
github.com/nulllvoid/datapipe/fetcher.go:23.50,23.65 1 1
github.com/nulllvoid/datapipe/fetcher_chain.go:33.103,41.27 2 1
github.com/nulllvoid/datapipe/fetcher_chain.go:41.27,43.3 1 1
github.com/nulllvoid/datapipe/fetcher_chain.go:45.2,45.49 1 1
github.com/nulllvoid/datapipe/fetcher_chain.go:45.49,47.3 1 1
github.com/nulllvoid/datapipe/fetcher_chain.go:49.2,49.14 1 1
github.com/nulllvoid/datapipe/fetcher_chain.go:52.92,53.39 1 1
github.com/nulllvoid/datapipe/fetcher_chain.go:53.39,55.3 1 1
github.com/nulllvoid/datapipe/fetcher_chain.go:58.97,59.39 1 1
github.com/nulllvoid/datapipe/fetcher_chain.go:59.39,61.3 1 1
github.com/nulllvoid/datapipe/fetcher_chain.go:64.99,65.39 1 0
github.com/nulllvoid/datapipe/fetcher_chain.go:65.39,67.3 1 0
github.com/nulllvoid/datapipe/fetcher_chain.go:70.85,71.39 1 1
github.com/nulllvoid/datapipe/fetcher_chain.go:71.39,73.3 1 1
github.com/nulllvoid/datapipe/fetcher_chain.go:76.95,77.24 1 1
github.com/nulllvoid/datapipe/fetcher_chain.go:78.24,79.35 1 1
github.com/nulllvoid/datapipe/fetcher_chain.go:80.28,81.39 1 1
github.com/nulllvoid/datapipe/fetcher_chain.go:82.10,83.37 1 1
github.com/nulllvoid/datapipe/fetcher_chain.go:87.51,89.2 1 1
github.com/nulllvoid/datapipe/fetcher_chain.go:91.105,97.37 5 1
github.com/nulllvoid/datapipe/fetcher_chain.go:97.37,98.23 1 1
github.com/nulllvoid/datapipe/fetcher_chain.go:98.23,100.4 1 0
github.com/nulllvoid/datapipe/fetcher_chain.go:102.3,102.30 1 1
github.com/nulllvoid/datapipe/fetcher_chain.go:102.30,103.12 1 1
github.com/nulllvoid/datapipe/fetcher_chain.go:106.3,107.17 2 1
github.com/nulllvoid/datapipe/fetcher_chain.go:107.17,109.12 2 1
github.com/nulllvoid/datapipe/fetcher_chain.go:112.3,112.23 1 1
github.com/nulllvoid/datapipe/fetcher_chain.go:112.23,117.60 4 1
github.com/nulllvoid/datapipe/fetcher_chain.go:117.60,119.5 1 1
github.com/nulllvoid/datapipe/fetcher_chain.go:123.2,123.25 1 1
github.com/nulllvoid/datapipe/fetcher_chain.go:123.25,125.3 1 0
github.com/nulllvoid/datapipe/fetcher_chain.go:127.2,127.20 1 1
github.com/nulllvoid/datapipe/fetcher_chain.go:127.20,129.3 1 1
github.com/nulllvoid/datapipe/fetcher_chain.go:131.2,131.46 1 1
github.com/nulllvoid/datapipe/fetcher_chain.go:134.107,137.37 2 1
github.com/nulllvoid/datapipe/fetcher_chain.go:137.37,138.23 1 1
github.com/nulllvoid/datapipe/fetcher_chain.go:138.23,140.4 1 0
github.com/nulllvoid/datapipe/fetcher_chain.go:142.3,142.30 1 1
github.com/nulllvoid/datapipe/fetcher_chain.go:142.30,143.12 1 0
github.com/nulllvoid/datapipe/fetcher_chain.go:146.3,147.17 2 1
github.com/nulllvoid/datapipe/fetcher_chain.go:147.17,149.12 2 0
github.com/nulllvoid/datapipe/fetcher_chain.go:152.3,152.23 1 1
github.com/nulllvoid/datapipe/fetcher_chain.go:152.23,154.4 1 1
github.com/nulllvoid/datapipe/fetcher_chain.go:157.2,157.20 1 0
github.com/nulllvoid/datapipe/fetcher_chain.go:157.20,159.3 1 0
github.com/nulllvoid/datapipe/fetcher_chain.go:161.2,161.30 1 0
github.com/nulllvoid/datapipe/fetcher_chain.go:164.103,174.31 3 1
github.com/nulllvoid/datapipe/fetcher_chain.go:174.31,175.23 1 1
github.com/nulllvoid/datapipe/fetcher_chain.go:175.23,177.4 1 1
github.com/nulllvoid/datapipe/fetcher_chain.go:180.2,180.24 1 1
github.com/nulllvoid/datapipe/fetcher_chain.go:180.24,182.3 1 0
github.com/nulllvoid/datapipe/fetcher_chain.go:184.2,186.35 2 1
github.com/nulllvoid/datapipe/fetcher_chain.go:186.35,187.30 1 1
github.com/nulllvoid/datapipe/fetcher_chain.go:187.30,196.4 2 1
github.com/nulllvoid/datapipe/fetcher_chain.go:199.2,200.37 2 1
github.com/nulllvoid/datapipe/fetcher_chain.go:200.37,201.10 1 1
github.com/nulllvoid/datapipe/fetcher_chain.go:202.24,203.38 1 1
github.com/nulllvoid/datapipe/fetcher_chain.go:204.21,205.36 1 1
github.com/nulllvoid/datapipe/fetcher_chain.go:209.2,209.45 1 1
github.com/nulllvoid/datapipe/fetcher_chain.go:209.45,211.3 1 1
github.com/nulllvoid/datapipe/fetcher_chain.go:213.2,213.31 1 1
github.com/nulllvoid/datapipe/fetcher_chain.go:213.31,214.41 1 1
github.com/nulllvoid/datapipe/fetcher_chain.go:214.41,216.4 1 1
github.com/nulllvoid/datapipe/fetcher_chain.go:219.2,219.31 1 0
github.com/nulllvoid/datapipe/fetcher_chain.go:219.31,220.19 1 0
github.com/nulllvoid/datapipe/fetcher_chain.go:220.19,222.4 1 0
github.com/nulllvoid/datapipe/fetcher_chain.go:225.2,225.30 1 0
github.com/nulllvoid/datapipe/metrics.go:14.72,14.73 0 0
github.com/nulllvoid/datapipe/metrics.go:15.72,15.73 0 0
github.com/nulllvoid/datapipe/metrics.go:16.72,16.73 0 0
github.com/nulllvoid/datapipe/metrics.go:17.72,17.73 0 0
github.com/nulllvoid/datapipe/middleware.go:17.81,18.74 1 0
github.com/nulllvoid/datapipe/middleware.go:18.74,19.64 1 0
github.com/nulllvoid/datapipe/middleware.go:19.64,29.4 4 0
github.com/nulllvoid/datapipe/middleware.go:33.69,34.74 1 0
github.com/nulllvoid/datapipe/middleware.go:34.74,35.70 1 0
github.com/nulllvoid/datapipe/middleware.go:35.70,36.17 1 0
github.com/nulllvoid/datapipe/middleware.go:36.17,37.33 1 0
github.com/nulllvoid/datapipe/middleware.go:37.33,39.6 1 0
github.com/nulllvoid/datapipe/middleware.go:41.4,41.27 1 0
github.com/nulllvoid/datapipe/options.go:10.127,11.41 1 1
github.com/nulllvoid/datapipe/options.go:11.41,13.3 1 1
github.com/nulllvoid/datapipe/options.go:16.97,17.41 1 0
github.com/nulllvoid/datapipe/options.go:17.41,19.3 1 0
github.com/nulllvoid/datapipe/options.go:22.95,23.41 1 0
github.com/nulllvoid/datapipe/options.go:23.41,25.3 1 0
github.com/nulllvoid/datapipe/options.go:28.91,29.41 1 0
github.com/nulllvoid/datapipe/options.go:29.41,31.3 1 0
github.com/nulllvoid/datapipe/options.go:34.103,35.41 1 0
github.com/nulllvoid/datapipe/options.go:35.41,36.103 1 0
github.com/nulllvoid/datapipe/options.go:36.103,38.4 1 0
github.com/nulllvoid/datapipe/options.go:39.3,39.57 1 0
github.com/nulllvoid/datapipe/options.go:43.99,44.41 1 0
github.com/nulllvoid/datapipe/options.go:44.41,46.3 1 0
github.com/nulllvoid/datapipe/options.go:49.105,50.41 1 0
github.com/nulllvoid/datapipe/options.go:50.41,52.3 1 0
github.com/nulllvoid/datapipe/options.go:55.91,56.41 1 0
github.com/nulllvoid/datapipe/options.go:56.41,58.3 1 0
github.com/nulllvoid/datapipe/options.go:61.114,62.41 1 1
github.com/nulllvoid/datapipe/options.go:62.41,64.3 1 1
github.com/nulllvoid/datapipe/options.go:67.110,68.41 1 1
github.com/nulllvoid/datapipe/options.go:68.41,70.30 2 1
github.com/nulllvoid/datapipe/options.go:70.30,72.4 1 1
github.com/nulllvoid/datapipe/options.go:73.3,74.43 2 1
github.com/nulllvoid/datapipe/options.go:78.136,79.41 1 1
github.com/nulllvoid/datapipe/options.go:79.41,82.30 3 1
github.com/nulllvoid/datapipe/options.go:82.30,84.4 1 1
github.com/nulllvoid/datapipe/options.go:85.3,86.43 2 1
github.com/nulllvoid/datapipe/pipeline.go:14.123,16.2 1 1
github.com/nulllvoid/datapipe/pipeline.go:27.118,34.27 2 1
github.com/nulllvoid/datapipe/pipeline.go:34.27,36.3 1 1
github.com/nulllvoid/datapipe/pipeline.go:38.2,38.10 1 1
github.com/nulllvoid/datapipe/pipeline.go:41.86,44.26 2 1
github.com/nulllvoid/datapipe/pipeline.go:44.26,48.3 3 1
github.com/nulllvoid/datapipe/pipeline.go:50.2,52.33 2 1
github.com/nulllvoid/datapipe/pipeline.go:52.33,53.23 1 1
github.com/nulllvoid/datapipe/pipeline.go:53.23,55.4 1 0
github.com/nulllvoid/datapipe/pipeline.go:57.3,61.23 4 1
github.com/nulllvoid/datapipe/pipeline.go:61.23,63.4 1 0
github.com/nulllvoid/datapipe/pipeline.go:65.3,65.17 1 1
github.com/nulllvoid/datapipe/pipeline.go:65.17,66.24 1 0
github.com/nulllvoid/datapipe/pipeline.go:66.24,68.5 1 0
github.com/nulllvoid/datapipe/pipeline.go:69.4,69.45 1 0
github.com/nulllvoid/datapipe/pipeline.go:69.45,71.5 1 0
github.com/nulllvoid/datapipe/pipeline.go:72.4,72.23 1 0
github.com/nulllvoid/datapipe/pipeline.go:76.2,76.22 1 1
github.com/nulllvoid/datapipe/pipeline.go:76.22,78.27 2 0
github.com/nulllvoid/datapipe/pipeline.go:78.27,80.4 1 0
github.com/nulllvoid/datapipe/pipeline.go:83.2,83.30 1 1
github.com/nulllvoid/datapipe/pipeline.go:83.30,85.3 1 1
github.com/nulllvoid/datapipe/pipeline.go:87.2,87.18 1 0
github.com/nulllvoid/datapipe/pipeline.go:90.117,93.46 2 1
github.com/nulllvoid/datapipe/pipeline.go:93.46,95.3 1 0
github.com/nulllvoid/datapipe/pipeline.go:97.2,97.28 1 1
github.com/nulllvoid/datapipe/pipeline.go:100.64,102.2 1 1
github.com/nulllvoid/datapipe/pipeline.go:104.60,106.2 1 0
github.com/nulllvoid/datapipe/pipeline.go:108.48,110.2 1 0
github.com/nulllvoid/datapipe/pipeline.go:112.51,114.2 1 0
github.com/nulllvoid/datapipe/response.go:16.48,16.66 1 0
github.com/nulllvoid/datapipe/response.go:17.48,17.66 1 1
github.com/nulllvoid/datapipe/response.go:18.48,18.65 1 0
github.com/nulllvoid/datapipe/response.go:20.86,27.2 1 1
github.com/nulllvoid/datapipe/stage.go:17.113,23.2 1 0
github.com/nulllvoid/datapipe/stage.go:25.51,25.68 1 0
github.com/nulllvoid/datapipe/stage.go:26.51,26.72 1 0
github.com/nulllvoid/datapipe/stage.go:27.92,29.2 1 0
github.com/nulllvoid/datapipe/state.go:15.62,22.2 1 1
github.com/nulllvoid/datapipe/state.go:24.39,28.2 3 1
github.com/nulllvoid/datapipe/state.go:30.45,34.2 3 0
github.com/nulllvoid/datapipe/state.go:36.39,40.2 3 1
github.com/nulllvoid/datapipe/state.go:42.78,48.2 5 1
github.com/nulllvoid/datapipe/state.go:50.52,54.2 3 0
github.com/nulllvoid/datapipe/state.go:56.40,60.2 3 1
github.com/nulllvoid/datapipe/state.go:62.41,66.2 3 1
github.com/nulllvoid/datapipe/state.go:68.60,72.2 3 0
github.com/nulllvoid/datapipe/state.go:74.61,79.2 4 0
github.com/nulllvoid/datapipe/state.go:81.45,85.2 3 0
github.com/nulllvoid/datapipe/state.go:87.42,91.2 3 0
github.com/nulllvoid/datapipe/state.go:93.42,97.2 3 0
github.com/nulllvoid/datapipe/state.go:99.43,103.2 3 1
